engWordApp/app/build/intermediates/manifest_merge_blame_file/release/manifest-merger-blame-release-report.txt
1<?xml version="1.0" encoding="utf-8"?>
2<manifest xmlns:android="http://schemas.android.com/apk/res/android"
3    package="com.ogrg.techtown.vocavocca"
4    android:versionCode="2"
5    android:versionName="2.0.2" >
6
7    <uses-sdk
8        android:minSdkVersion="21"
8-->src/main/AndroidManifest.xml
9        android:targetSdkVersion="29" />
9-->src/main/AndroidManifest.xml
10
11    <uses-permission android:name="com.android.vending.BILLING" />
11-->src/main/AndroidManifest.xml:4:5-67
11-->src/main/AndroidManifest.xml:4:22-64
12    <uses-permission android:name="android.permission.INTERNET" />
12-->src/main/AndroidManifest.xml:5:5-67
12-->src/main/AndroidManifest.xml:5:22-64
13    <uses-permission android:name="android.permission.ACCESS_NETWORK_STATE" />
13-->[com.google.android.gms:play-services-ads-lite:19.0.0] AndroidManifest.xml:24:5-79
13-->[com.google.android.gms:play-services-ads-lite:19.0.0] AndroidManifest.xml:24:22-76
14    <uses-permission android:name="android.permission.WAKE_LOCK" />
14-->[com.google.android.gms:play-services-measurement-sdk-api:17.1.0] AndroidManifest.xml:25:5-68
14-->[com.google.android.gms:play-services-measurement-sdk-api:17.1.0] AndroidManifest.xml:25:22-65
15
16    <application
16-->src/main/AndroidManifest.xml:7:5-49:19
17        android:allowBackup="true"
17-->src/main/AndroidManifest.xml:8:9-35
18        android:appComponentFactory="androidx.core.app.CoreComponentFactory"
18-->[androidx.core:core:1.1.0] AndroidManifest.xml:24:18-86
19        android:icon="@mipmap/ic_launcher"
19-->src/main/AndroidManifest.xml:9:9-43
20        android:label="@string/app_name"
20-->src/main/AndroidManifest.xml:10:9-41
21        android:roundIcon="@mipmap/ic_launcher_round"
21-->src/main/AndroidManifest.xml:11:9-54
22        android:supportsRtl="true"
22-->src/main/AndroidManifest.xml:12:9-35
23        android:theme="@style/Theme.AppCompat.Light.NoActionBar" >
23-->src/main/AndroidManifest.xml:13:9-65
24        <meta-data
24-->src/main/AndroidManifest.xml:14:9-16:51
25            android:name="com.google.android.gms.ads.APPLICATION_ID"
25-->src/main/AndroidManifest.xml:15:13-69
26            android:value="@string/admob_app_id" />
26-->src/main/AndroidManifest.xml:16:13-49
27
28        <activity android:name="com.ogrg.techtown.vocavocca.init.LoadingActivity" />
28-->src/main/AndroidManifest.xml:17:9-85
28-->src/main/AndroidManifest.xml:17:19-82
29        <activity android:name="com.ogrg.techtown.vocavocca.SearchActivity" />
29-->src/main/AndroidManifest.xml:18:9-79
29-->src/main/AndroidManifest.xml:18:19-76
30        <activity android:name="com.ogrg.techtown.vocavocca.FavoriteActivity" />
30-->src/main/AndroidManifest.xml:19:9-81
30-->src/main/AndroidManifest.xml:19:19-78
31        <activity
31-->src/main/AndroidManifest.xml:20:9-138
32            android:name="com.ogrg.techtown.vocavocca.purchase_noti"
32-->src/main/AndroidManifest.xml:20:19-75
33            android:theme="@android:style/Theme.Holo.Dialog.NoActionBar" />
33-->src/main/AndroidManifest.xml:20:76-136
34        <activity
34-->src/main/AndroidManifest.xml:21:9-136
35            android:name="com.ogrg.techtown.vocavocca.review_noti"
35-->src/main/AndroidManifest.xml:21:19-73
36            android:theme="@android:style/Theme.Holo.Dialog.NoActionBar" />
36-->src/main/AndroidManifest.xml:21:74-134
37        <activity
37-->src/main/AndroidManifest.xml:22:9-38:20
38            android:name="com.ogrg.techtown.vocavocca.MainActivity"
38-->src/main/AndroidManifest.xml:23:13-68
39            android:launchMode="singleInstance" >
39-->src/main/AndroidManifest.xml:24:13-48
40            <meta-data
40-->src/main/AndroidManifest.xml:25:13-27:54
41                android:name="android.app.searchable"
41-->src/main/AndroidManifest.xml:26:17-54
42                android:resource="@xml/searchable" />
42-->src/main/AndroidManifest.xml:27:17-51
43
44            <intent-filter>
44-->src/main/AndroidManifest.xml:29:13-31:29
45                <action android:name="android.intent.action.SEARCH" />
45-->src/main/AndroidManifest.xml:30:17-71
45-->src/main/AndroidManifest.xml:30:25-68
46            </intent-filter>
47            <intent-filter>
47-->src/main/AndroidManifest.xml:32:13-37:29
48                <action android:name="android.intent.action.MAIN" />
48-->src/main/AndroidManifest.xml:33:17-69
48-->src/main/AndroidManifest.xml:33:25-66
49                <action android:name="android.intent.action.VIEW" />
49-->src/main/AndroidManifest.xml:34:17-69
49-->src/main/AndroidManifest.xml:34:25-66
50
51                <category android:name="android.intent.category.LAUNCHER" />
51-->src/main/AndroidManifest.xml:36:17-77
51-->src/main/AndroidManifest.xml:36:27-74
52            </intent-filter>
53        </activity>
54
55        <provider
55-->src/main/AndroidManifest.xml:40:9-48:20
56            android:name="androidx.core.content.FileProvider"
56-->src/main/AndroidManifest.xml:41:13-62
57            android:authorities="com.ogrg.techtown.vocavocca.fileprovider"
57-->src/main/AndroidManifest.xml:42:13-75
58            android:exported="false"
58-->src/main/AndroidManifest.xml:43:13-37
59            android:grantUriPermissions="true" >
59-->src/main/AndroidManifest.xml:44:13-47
60            <meta-data
60-->src/main/AndroidManifest.xml:45:13-47:58
61                android:name="android.support.FILE_PROVIDER_PATHS"
61-->src/main/AndroidManifest.xml:46:17-67
62                android:resource="@xml/provider_paths" />
62-->src/main/AndroidManifest.xml:47:17-55
63        </provider>
64        <!-- Include the AdActivity and InAppPurchaseActivity configChanges and themes. -->
65        <activity
65-->[com.google.android.gms:play-services-ads-lite:19.0.0] AndroidManifest.xml:29:9-33:64
66            android:name="com.google.android.gms.ads.AdActivity"
66-->[com.google.android.gms:play-services-ads-lite:19.0.0] AndroidManifest.xml:30:13-65
67            android:configChanges="keyboard|keyboardHidden|orientation|screenLayout|uiMode|screenSize|smallestScreenSize"
67-->[com.google.android.gms:play-services-ads-lite:19.0.0] AndroidManifest.xml:31:13-122
68            android:exported="false"
68-->[com.google.android.gms:play-services-ads-lite:19.0.0] AndroidManifest.xml:32:13-37
69            android:theme="@android:style/Theme.Translucent" />
69-->[com.google.android.gms:play-services-ads-lite:19.0.0] AndroidManifest.xml:33:13-61
70
71        <provider
71-->[com.google.android.gms:play-services-ads-lite:19.0.0] AndroidManifest.xml:35:9-39:39
72            android:name="com.google.android.gms.ads.MobileAdsInitProvider"
72-->[com.google.android.gms:play-services-ads-lite:19.0.0] AndroidManifest.xml:36:13-76
73            android:authorities="com.ogrg.techtown.vocavocca.mobileadsinitprovider"
73-->[com.google.android.gms:play-services-ads-lite:19.0.0] AndroidManifest.xml:37:13-73
74            android:exported="false"
74-->[com.google.android.gms:play-services-ads-lite:19.0.0] AndroidManifest.xml:38:13-37
75            android:initOrder="100" />
75-->[com.google.android.gms:play-services-ads-lite:19.0.0] AndroidManifest.xml:39:13-36
76
77        <meta-data
77-->[com.google.android.gms:play-services-basement:17.0.0] AndroidManifest.xml:23:9-25:69
78            android:name="com.google.android.gms.version"
78-->[com.google.android.gms:play-services-basement:17.0.0] AndroidManifest.xml:24:13-58
79            android:value="@integer/google_play_services_version" />
79-->[com.google.android.gms:play-services-basement:17.0.0] AndroidManifest.xml:25:13-66
80
81        <provider
81-->[androidx.lifecycle:lifecycle-process:2.2.0] AndroidManifest.xml:25:9-29:43
82            android:name="androidx.lifecycle.ProcessLifecycleOwnerInitializer"
82-->[androidx.lifecycle:lifecycle-process:2.2.0] AndroidManifest.xml:26:13-79
83            android:authorities="com.ogrg.techtown.vocavocca.lifecycle-process"
83-->[androidx.lifecycle:lifecycle-process:2.2.0] AndroidManifest.xml:27:13-69
84            android:exported="false"
84-->[androidx.lifecycle:lifecycle-process:2.2.0] AndroidManifest.xml:28:13-37
85            android:multiprocess="true" />
85-->[androidx.lifecycle:lifecycle-process:2.2.0] AndroidManifest.xml:29:13-40
86    </application>
87
88</manifest>